<?xml version="1.0" encoding="UTF-8"?>
<testng-results ignored="0" total="1" passed="1" failed="0" skipped="0">
  <reporter-output>
  </reporter-output>
  <suite started-at="2022-03-15T10:27:45 IST" name="Default suite" finished-at="2022-03-15T10:27:53 IST" duration-ms="8942">
    <groups>
    </groups>
    <test started-at="2022-03-15T10:27:45 IST" name="Default test" finished-at="2022-03-15T10:27:53 IST" duration-ms="8942">
      <class name="com.aish.automate.RegistrationForm">
        <test-method signature="logIN()[pri:2, instance:com.aish.automate.RegistrationForm@f0da945]" started-at="2022-03-15T10:27:45 IST" name="logIN" finished-at="2022-03-15T10:27:53 IST" duration-ms="8897" status="PASS">
          <reporter-output>
          </reporter-output>
        </test-method> <!-- logIN -->
      </class> <!-- com.aish.automate.RegistrationForm -->
    </test> <!-- Default test -->
  </suite> <!-- Default suite -->
</testng-results>
